Analysis & Synthesis report for lab12step3
Thu Dec 05 17:30:48 2019
Quartus Prime Version 18.1.0 Build 625 09/12/2018 SJ Standard Edition


---------------------
; Table of Contents ;
---------------------
  1. Legal Notice
  2. Analysis & Synthesis Summary
  3. Analysis & Synthesis Settings
  4. Parallel Compilation
  5. Analysis & Synthesis Source Files Read
  6. Analysis & Synthesis Resource Usage Summary
  7. Analysis & Synthesis Resource Utilization by Entity
  8. General Register Statistics
  9. Multiplexer Restructuring Statistics (Restructuring Performed)
 10. Parameter Settings for User Entity Instance: BUSMUX:inst4
 11. Post-Synthesis Netlist Statistics for Top Partition
 12. Elapsed Time Per Partition
 13. Analysis & Synthesis Messages



----------------
; Legal Notice ;
----------------
Copyright (C) 2018  Intel Corporation. All rights reserved.
Your use of Intel Corporation's design tools, logic functions 
and other software and tools, and its AMPP partner logic 
functions, and any output files from any of the foregoing 
(including device programming or simulation files), and any 
associated documentation or information are expressly subject 
to the terms and conditions of the Intel Program License 
Subscription Agreement, the Intel Quartus Prime License Agreement,
the Intel FPGA IP License Agreement, or other applicable license
agreement, including, without limitation, that your use is for
the sole purpose of programming logic devices manufactured by
Intel and sold by Intel or its authorized distributors.  Please
refer to the applicable agreement for further details.



+--------------------------------------------------------------------------------------+
; Analysis & Synthesis Summary                                                         ;
+------------------------------------+-------------------------------------------------+
; Analysis & Synthesis Status        ; Successful - Thu Dec 05 17:30:48 2019           ;
; Quartus Prime Version              ; 18.1.0 Build 625 09/12/2018 SJ Standard Edition ;
; Revision Name                      ; lab12step3                                      ;
; Top-level Entity Name              ; lab12step3                                      ;
; Family                             ; Cyclone IV E                                    ;
; Total logic elements               ; 104                                             ;
;     Total combinational functions  ; 76                                              ;
;     Dedicated logic registers      ; 32                                              ;
; Total registers                    ; 32                                              ;
; Total pins                         ; 37                                              ;
; Total virtual pins                 ; 0                                               ;
; Total memory bits                  ; 0                                               ;
; Embedded Multiplier 9-bit elements ; 0                                               ;
; Total PLLs                         ; 0                                               ;
+------------------------------------+-------------------------------------------------+


+------------------------------------------------------------------------------------------------------------+
; Analysis & Synthesis Settings                                                                              ;
+------------------------------------------------------------------+--------------------+--------------------+
; Option                                                           ; Setting            ; Default Value      ;
+------------------------------------------------------------------+--------------------+--------------------+
; Device                                                           ; EP4CE115F29C7      ;                    ;
; Top-level entity name                                            ; lab12step3         ; lab12step3         ;
; Family name                                                      ; Cyclone IV E       ; Cyclone V          ;
; Use smart compilation                                            ; Off                ; Off                ;
; Enable parallel Assembler and Timing Analyzer during compilation ; On                 ; On                 ;
; Enable compact report table                                      ; Off                ; Off                ;
; Restructure Multiplexers                                         ; Auto               ; Auto               ;
; Create Debugging Nodes for IP Cores                              ; Off                ; Off                ;
; Preserve fewer node names                                        ; On                 ; On                 ;
; Intel FPGA IP Evaluation Mode                                    ; Enable             ; Enable             ;
; Verilog Version                                                  ; Verilog_2001       ; Verilog_2001       ;
; VHDL Version                                                     ; VHDL_1993          ; VHDL_1993          ;
; State Machine Processing                                         ; Auto               ; Auto               ;
; Safe State Machine                                               ; Off                ; Off                ;
; Extract Verilog State Machines                                   ; On                 ; On                 ;
; Extract VHDL State Machines                                      ; On                 ; On                 ;
; Ignore Verilog initial constructs                                ; Off                ; Off                ;
; Iteration limit for constant Verilog loops                       ; 5000               ; 5000               ;
; Iteration limit for non-constant Verilog loops                   ; 250                ; 250                ;
; Add Pass-Through Logic to Inferred RAMs                          ; On                 ; On                 ;
; Infer RAMs from Raw Logic                                        ; On                 ; On                 ;
; Parallel Synthesis                                               ; On                 ; On                 ;
; DSP Block Balancing                                              ; Auto               ; Auto               ;
; NOT Gate Push-Back                                               ; On                 ; On                 ;
; Power-Up Don't Care                                              ; On                 ; On                 ;
; Remove Redundant Logic Cells                                     ; Off                ; Off                ;
; Remove Duplicate Registers                                       ; On                 ; On                 ;
; Ignore CARRY Buffers                                             ; Off                ; Off                ;
; Ignore CASCADE Buffers                                           ; Off                ; Off                ;
; Ignore GLOBAL Buffers                                            ; Off                ; Off                ;
; Ignore ROW GLOBAL Buffers                                        ; Off                ; Off                ;
; Ignore LCELL Buffers                                             ; Off                ; Off                ;
; Ignore SOFT Buffers                                              ; On                 ; On                 ;
; Limit AHDL Integers to 32 Bits                                   ; Off                ; Off                ;
; Optimization Technique                                           ; Balanced           ; Balanced           ;
; Carry Chain Length                                               ; 70                 ; 70                 ;
; Auto Carry Chains                                                ; On                 ; On                 ;
; Auto Open-Drain Pins                                             ; On                 ; On                 ;
; Perform WYSIWYG Primitive Resynthesis                            ; Off                ; Off                ;
; Auto ROM Replacement                                             ; On                 ; On                 ;
; Auto RAM Replacement                                             ; On                 ; On                 ;
; Auto DSP Block Replacement                                       ; On                 ; On                 ;
; Auto Shift Register Replacement                                  ; Auto               ; Auto               ;
; Allow Shift Register Merging across Hierarchies                  ; Auto               ; Auto               ;
; Auto Clock Enable Replacement                                    ; On                 ; On                 ;
; Strict RAM Replacement                                           ; Off                ; Off                ;
; Allow Synchronous Control Signals                                ; On                 ; On                 ;
; Force Use of Synchronous Clear Signals                           ; Off                ; Off                ;
; Auto RAM Block Balancing                                         ; On                 ; On                 ;
; Auto RAM to Logic Cell Conversion                                ; Off                ; Off                ;
; Auto Resource Sharing                                            ; Off                ; Off                ;
; Allow Any RAM Size For Recognition                               ; Off                ; Off                ;
; Allow Any ROM Size For Recognition                               ; Off                ; Off                ;
; Allow Any Shift Register Size For Recognition                    ; Off                ; Off                ;
; Use LogicLock Constraints during Resource Balancing              ; On                 ; On                 ;
; Ignore translate_off and synthesis_off directives                ; Off                ; Off                ;
; Timing-Driven Synthesis                                          ; On                 ; On                 ;
; Report Parameter Settings                                        ; On                 ; On                 ;
; Report Source Assignments                                        ; On                 ; On                 ;
; Report Connectivity Checks                                       ; On                 ; On                 ;
; Ignore Maximum Fan-Out Assignments                               ; Off                ; Off                ;
; Synchronization Register Chain Length                            ; 2                  ; 2                  ;
; Power Optimization During Synthesis                              ; Normal compilation ; Normal compilation ;
; HDL message level                                                ; Level2             ; Level2             ;
; Suppress Register Optimization Related Messages                  ; Off                ; Off                ;
; Number of Removed Registers Reported in Synthesis Report         ; 5000               ; 5000               ;
; Number of Swept Nodes Reported in Synthesis Report               ; 5000               ; 5000               ;
; Number of Inverted Registers Reported in Synthesis Report        ; 100                ; 100                ;
; Clock MUX Protection                                             ; On                 ; On                 ;
; Auto Gated Clock Conversion                                      ; Off                ; Off                ;
; Block Design Naming                                              ; Auto               ; Auto               ;
; SDC constraint protection                                        ; Off                ; Off                ;
; Synthesis Effort                                                 ; Auto               ; Auto               ;
; Shift Register Replacement - Allow Asynchronous Clear Signal     ; On                 ; On                 ;
; Pre-Mapping Resynthesis Optimization                             ; Off                ; Off                ;
; Analysis & Synthesis Message Level                               ; Medium             ; Medium             ;
; Disable Register Merging Across Hierarchies                      ; Auto               ; Auto               ;
; Resource Aware Inference For Block RAM                           ; On                 ; On                 ;
+------------------------------------------------------------------+--------------------+--------------------+


+------------------------------------------+
; Parallel Compilation                     ;
+----------------------------+-------------+
; Processors                 ; Number      ;
+----------------------------+-------------+
; Number detected on machine ; 8           ;
; Maximum allowed            ; 4           ;
;                            ;             ;
; Average used               ; 1.00        ;
; Maximum used               ; 4           ;
;                            ;             ;
; Usage by Processor         ; % Time Used ;
;     Processor 1            ; 100.0%      ;
;     Processors 2-4         ;   0.0%      ;
+----------------------------+-------------+


+----------------------------------------------------------------------------------------------------------------------------------------------------------------------------+
; Analysis & Synthesis Source Files Read                                                                                                                                     ;
+----------------------------------+-----------------+------------------------------------------+------------------------------------------------------------------+---------+
; File Name with User-Entered Path ; Used in Netlist ; File Type                                ; File Name with Absolute Path                                     ; Library ;
+----------------------------------+-----------------+------------------------------------------+------------------------------------------------------------------+---------+
; lab12step3.bdf                   ; yes             ; User Block Diagram/Schematic File        ; U:/cpre/281/lab12/lab12step3/lab12step3.bdf                      ;         ;
; lab07step0.bdf                   ; yes             ; Auto-Found Block Diagram/Schematic File  ; U:/cpre/281/lab12/lab12step3/lab07step0.bdf                      ;         ;
; adder_4bit.bdf                   ; yes             ; Auto-Found Block Diagram/Schematic File  ; U:/cpre/281/lab12/lab12step3/adder_4bit.bdf                      ;         ;
; fa.v                             ; yes             ; Auto-Found Verilog HDL File              ; U:/cpre/281/lab12/lab12step3/fa.v                                ;         ;
; regfile.v                        ; yes             ; Auto-Found Verilog HDL File              ; U:/cpre/281/lab12/lab12step3/regfile.v                           ;         ;
; decoder3to8.v                    ; yes             ; Auto-Found Verilog HDL File              ; U:/cpre/281/lab12/lab12step3/decoder3to8.v                       ;         ;
; reg4.bdf                         ; yes             ; Auto-Found Block Diagram/Schematic File  ; U:/cpre/281/lab12/lab12step3/reg4.bdf                            ;         ;
; register.bdf                     ; yes             ; Auto-Found Block Diagram/Schematic File  ; U:/cpre/281/lab12/lab12step3/register.bdf                        ;         ;
; 2to1mux.bdf                      ; yes             ; Auto-Found Block Diagram/Schematic File  ; U:/cpre/281/lab12/lab12step3/2to1mux.bdf                         ;         ;
; mux8_4b.v                        ; yes             ; Auto-Found Verilog HDL File              ; U:/cpre/281/lab12/lab12step3/mux8_4b.v                           ;         ;
; busmux.tdf                       ; yes             ; Megafunction                             ; c:/intelfpga/18.1/quartus/libraries/megafunctions/busmux.tdf     ;         ;
; lpm_mux.inc                      ; yes             ; Megafunction                             ; c:/intelfpga/18.1/quartus/libraries/megafunctions/lpm_mux.inc    ;         ;
; lpm_mux.tdf                      ; yes             ; Megafunction                             ; c:/intelfpga/18.1/quartus/libraries/megafunctions/lpm_mux.tdf    ;         ;
; aglobal181.inc                   ; yes             ; Megafunction                             ; c:/intelfpga/18.1/quartus/libraries/megafunctions/aglobal181.inc ;         ;
; muxlut.inc                       ; yes             ; Megafunction                             ; c:/intelfpga/18.1/quartus/libraries/megafunctions/muxlut.inc     ;         ;
; bypassff.inc                     ; yes             ; Megafunction                             ; c:/intelfpga/18.1/quartus/libraries/megafunctions/bypassff.inc   ;         ;
; altshift.inc                     ; yes             ; Megafunction                             ; c:/intelfpga/18.1/quartus/libraries/megafunctions/altshift.inc   ;         ;
; db/mux_arc.tdf                   ; yes             ; Auto-Generated Megafunction              ; U:/cpre/281/lab12/lab12step3/db/mux_arc.tdf                      ;         ;
; seven_seg_decoder.v              ; yes             ; Auto-Found Verilog HDL File              ; U:/cpre/281/lab12/lab12step3/seven_seg_decoder.v                 ;         ;
+----------------------------------+-----------------+------------------------------------------+------------------------------------------------------------------+---------+


+---------------------------------------------------------+
; Analysis & Synthesis Resource Usage Summary             ;
+---------------------------------------------+-----------+
; Resource                                    ; Usage     ;
+---------------------------------------------+-----------+
; Estimated Total logic elements              ; 104       ;
;                                             ;           ;
; Total combinational functions               ; 76        ;
; Logic element usage by number of LUT inputs ;           ;
;     -- 4 input functions                    ; 64        ;
;     -- 3 input functions                    ; 12        ;
;     -- <=2 input functions                  ; 0         ;
;                                             ;           ;
; Logic elements by mode                      ;           ;
;     -- normal mode                          ; 76        ;
;     -- arithmetic mode                      ; 0         ;
;                                             ;           ;
; Total registers                             ; 32        ;
;     -- Dedicated logic registers            ; 32        ;
;     -- I/O registers                        ; 0         ;
;                                             ;           ;
; I/O pins                                    ; 37        ;
;                                             ;           ;
; Embedded Multiplier 9-bit elements          ; 0         ;
;                                             ;           ;
; Maximum fan-out node                        ; clk~input ;
; Maximum fan-out                             ; 32        ;
; Total fan-out                               ; 476       ;
; Average fan-out                             ; 2.62      ;
+---------------------------------------------+-----------+


+------------------------------------------------------------------------------------------------------------------------------------------------------------------------------------------------------------------------------------------------------------------+
; Analysis & Synthesis Resource Utilization by Entity                                                                                                                                                                                                              ;
+-----------------------------------+---------------------+---------------------------+-------------+--------------+---------+-----------+------+--------------+----------------------------------------------------------------+-------------------+--------------+
; Compilation Hierarchy Node        ; Combinational ALUTs ; Dedicated Logic Registers ; Memory Bits ; DSP Elements ; DSP 9x9 ; DSP 18x18 ; Pins ; Virtual Pins ; Full Hierarchy Name                                            ; Entity Name       ; Library Name ;
+-----------------------------------+---------------------+---------------------------+-------------+--------------+---------+-----------+------+--------------+----------------------------------------------------------------+-------------------+--------------+
; |lab12step3                       ; 76 (0)              ; 32 (0)                    ; 0           ; 0            ; 0       ; 0         ; 37   ; 0            ; |lab12step3                                                    ; lab12step3        ; work         ;
;    |busmux:inst4|                 ; 5 (0)               ; 0 (0)                     ; 0           ; 0            ; 0       ; 0         ; 0    ; 0            ; |lab12step3|busmux:inst4                                       ; busmux            ; work         ;
;       |lpm_mux:$00000|            ; 5 (0)               ; 0 (0)                     ; 0           ; 0            ; 0       ; 0         ; 0    ; 0            ; |lab12step3|busmux:inst4|lpm_mux:$00000                        ; lpm_mux           ; work         ;
;          |mux_arc:auto_generated| ; 5 (5)               ; 0 (0)                     ; 0           ; 0            ; 0       ; 0         ; 0    ; 0            ; |lab12step3|busmux:inst4|lpm_mux:$00000|mux_arc:auto_generated ; mux_arc           ; work         ;
;    |lab07step0:inst2|             ; 9 (1)               ; 0 (0)                     ; 0           ; 0            ; 0       ; 0         ; 0    ; 0            ; |lab12step3|lab07step0:inst2                                   ; lab07step0        ; work         ;
;       |adder_4bit:inst|           ; 8 (1)               ; 0 (0)                     ; 0           ; 0            ; 0       ; 0         ; 0    ; 0            ; |lab12step3|lab07step0:inst2|adder_4bit:inst                   ; adder_4bit        ; work         ;
;          |FA:inst1|               ; 2 (2)               ; 0 (0)                     ; 0           ; 0            ; 0       ; 0         ; 0    ; 0            ; |lab12step3|lab07step0:inst2|adder_4bit:inst|FA:inst1          ; FA                ; work         ;
;          |FA:inst2|               ; 1 (1)               ; 0 (0)                     ; 0           ; 0            ; 0       ; 0         ; 0    ; 0            ; |lab12step3|lab07step0:inst2|adder_4bit:inst|FA:inst2          ; FA                ; work         ;
;          |FA:inst3|               ; 2 (2)               ; 0 (0)                     ; 0           ; 0            ; 0       ; 0         ; 0    ; 0            ; |lab12step3|lab07step0:inst2|adder_4bit:inst|FA:inst3          ; FA                ; work         ;
;          |FA:inst|                ; 2 (2)               ; 0 (0)                     ; 0           ; 0            ; 0       ; 0         ; 0    ; 0            ; |lab12step3|lab07step0:inst2|adder_4bit:inst|FA:inst           ; FA                ; work         ;
;    |regfile:inst3|                ; 48 (0)              ; 32 (0)                    ; 0           ; 0            ; 0       ; 0         ; 0    ; 0            ; |lab12step3|regfile:inst3                                      ; regfile           ; work         ;
;       |Decoder3to8:my_decoder|    ; 8 (8)               ; 0 (0)                     ; 0           ; 0            ; 0       ; 0         ; 0    ; 0            ; |lab12step3|regfile:inst3|Decoder3to8:my_decoder               ; Decoder3to8       ; work         ;
;       |Mux8_4b:my_muxP|           ; 20 (20)             ; 0 (0)                     ; 0           ; 0            ; 0       ; 0         ; 0    ; 0            ; |lab12step3|regfile:inst3|Mux8_4b:my_muxP                      ; Mux8_4b           ; work         ;
;       |Mux8_4b:my_muxQ|           ; 20 (20)             ; 0 (0)                     ; 0           ; 0            ; 0       ; 0         ; 0    ; 0            ; |lab12step3|regfile:inst3|Mux8_4b:my_muxQ                      ; Mux8_4b           ; work         ;
;       |reg4:my_reg0|              ; 0 (0)               ; 4 (0)                     ; 0           ; 0            ; 0       ; 0         ; 0    ; 0            ; |lab12step3|regfile:inst3|reg4:my_reg0                         ; reg4              ; work         ;
;          |register:inst1|         ; 0 (0)               ; 1 (1)                     ; 0           ; 0            ; 0       ; 0         ; 0    ; 0            ; |lab12step3|regfile:inst3|reg4:my_reg0|register:inst1          ; register          ; work         ;
;          |register:inst2|         ; 0 (0)               ; 1 (1)                     ; 0           ; 0            ; 0       ; 0         ; 0    ; 0            ; |lab12step3|regfile:inst3|reg4:my_reg0|register:inst2          ; register          ; work         ;
;          |register:inst3|         ; 0 (0)               ; 1 (1)                     ; 0           ; 0            ; 0       ; 0         ; 0    ; 0            ; |lab12step3|regfile:inst3|reg4:my_reg0|register:inst3          ; register          ; work         ;
;          |register:inst|          ; 0 (0)               ; 1 (1)                     ; 0           ; 0            ; 0       ; 0         ; 0    ; 0            ; |lab12step3|regfile:inst3|reg4:my_reg0|register:inst           ; register          ; work         ;
;       |reg4:my_reg1|              ; 0 (0)               ; 4 (0)                     ; 0           ; 0            ; 0       ; 0         ; 0    ; 0            ; |lab12step3|regfile:inst3|reg4:my_reg1                         ; reg4              ; work         ;
;          |register:inst1|         ; 0 (0)               ; 1 (1)                     ; 0           ; 0            ; 0       ; 0         ; 0    ; 0            ; |lab12step3|regfile:inst3|reg4:my_reg1|register:inst1          ; register          ; work         ;
;          |register:inst2|         ; 0 (0)               ; 1 (1)                     ; 0           ; 0            ; 0       ; 0         ; 0    ; 0            ; |lab12step3|regfile:inst3|reg4:my_reg1|register:inst2          ; register          ; work         ;
;          |register:inst3|         ; 0 (0)               ; 1 (1)                     ; 0           ; 0            ; 0       ; 0         ; 0    ; 0            ; |lab12step3|regfile:inst3|reg4:my_reg1|register:inst3          ; register          ; work         ;
;          |register:inst|          ; 0 (0)               ; 1 (1)                     ; 0           ; 0            ; 0       ; 0         ; 0    ; 0            ; |lab12step3|regfile:inst3|reg4:my_reg1|register:inst           ; register          ; work         ;
;       |reg4:my_reg2|              ; 0 (0)               ; 4 (0)                     ; 0           ; 0            ; 0       ; 0         ; 0    ; 0            ; |lab12step3|regfile:inst3|reg4:my_reg2                         ; reg4              ; work         ;
;          |register:inst1|         ; 0 (0)               ; 1 (1)                     ; 0           ; 0            ; 0       ; 0         ; 0    ; 0            ; |lab12step3|regfile:inst3|reg4:my_reg2|register:inst1          ; register          ; work         ;
;          |register:inst2|         ; 0 (0)               ; 1 (1)                     ; 0           ; 0            ; 0       ; 0         ; 0    ; 0            ; |lab12step3|regfile:inst3|reg4:my_reg2|register:inst2          ; register          ; work         ;
;          |register:inst3|         ; 0 (0)               ; 1 (1)                     ; 0           ; 0            ; 0       ; 0         ; 0    ; 0            ; |lab12step3|regfile:inst3|reg4:my_reg2|register:inst3          ; register          ; work         ;
;          |register:inst|          ; 0 (0)               ; 1 (1)                     ; 0           ; 0            ; 0       ; 0         ; 0    ; 0            ; |lab12step3|regfile:inst3|reg4:my_reg2|register:inst           ; register          ; work         ;
;       |reg4:my_reg3|              ; 0 (0)               ; 4 (0)                     ; 0           ; 0            ; 0       ; 0         ; 0    ; 0            ; |lab12step3|regfile:inst3|reg4:my_reg3                         ; reg4              ; work         ;
;          |register:inst1|         ; 0 (0)               ; 1 (1)                     ; 0           ; 0            ; 0       ; 0         ; 0    ; 0            ; |lab12step3|regfile:inst3|reg4:my_reg3|register:inst1          ; register          ; work         ;
;          |register:inst2|         ; 0 (0)               ; 1 (1)                     ; 0           ; 0            ; 0       ; 0         ; 0    ; 0            ; |lab12step3|regfile:inst3|reg4:my_reg3|register:inst2          ; register          ; work         ;
;          |register:inst3|         ; 0 (0)               ; 1 (1)                     ; 0           ; 0            ; 0       ; 0         ; 0    ; 0            ; |lab12step3|regfile:inst3|reg4:my_reg3|register:inst3          ; register          ; work         ;
;          |register:inst|          ; 0 (0)               ; 1 (1)                     ; 0           ; 0            ; 0       ; 0         ; 0    ; 0            ; |lab12step3|regfile:inst3|reg4:my_reg3|register:inst           ; register          ; work         ;
;       |reg4:my_reg4|              ; 0 (0)               ; 4 (0)                     ; 0           ; 0            ; 0       ; 0         ; 0    ; 0            ; |lab12step3|regfile:inst3|reg4:my_reg4                         ; reg4              ; work         ;
;          |register:inst1|         ; 0 (0)               ; 1 (1)                     ; 0           ; 0            ; 0       ; 0         ; 0    ; 0            ; |lab12step3|regfile:inst3|reg4:my_reg4|register:inst1          ; register          ; work         ;
;          |register:inst2|         ; 0 (0)               ; 1 (1)                     ; 0           ; 0            ; 0       ; 0         ; 0    ; 0            ; |lab12step3|regfile:inst3|reg4:my_reg4|register:inst2          ; register          ; work         ;
;          |register:inst3|         ; 0 (0)               ; 1 (1)                     ; 0           ; 0            ; 0       ; 0         ; 0    ; 0            ; |lab12step3|regfile:inst3|reg4:my_reg4|register:inst3          ; register          ; work         ;
;          |register:inst|          ; 0 (0)               ; 1 (1)                     ; 0           ; 0            ; 0       ; 0         ; 0    ; 0            ; |lab12step3|regfile:inst3|reg4:my_reg4|register:inst           ; register          ; work         ;
;       |reg4:my_reg5|              ; 0 (0)               ; 4 (0)                     ; 0           ; 0            ; 0       ; 0         ; 0    ; 0            ; |lab12step3|regfile:inst3|reg4:my_reg5                         ; reg4              ; work         ;
;          |register:inst1|         ; 0 (0)               ; 1 (1)                     ; 0           ; 0            ; 0       ; 0         ; 0    ; 0            ; |lab12step3|regfile:inst3|reg4:my_reg5|register:inst1          ; register          ; work         ;
;          |register:inst2|         ; 0 (0)               ; 1 (1)                     ; 0           ; 0            ; 0       ; 0         ; 0    ; 0            ; |lab12step3|regfile:inst3|reg4:my_reg5|register:inst2          ; register          ; work         ;
;          |register:inst3|         ; 0 (0)               ; 1 (1)                     ; 0           ; 0            ; 0       ; 0         ; 0    ; 0            ; |lab12step3|regfile:inst3|reg4:my_reg5|register:inst3          ; register          ; work         ;
;          |register:inst|          ; 0 (0)               ; 1 (1)                     ; 0           ; 0            ; 0       ; 0         ; 0    ; 0            ; |lab12step3|regfile:inst3|reg4:my_reg5|register:inst           ; register          ; work         ;
;       |reg4:my_reg6|              ; 0 (0)               ; 4 (0)                     ; 0           ; 0            ; 0       ; 0         ; 0    ; 0            ; |lab12step3|regfile:inst3|reg4:my_reg6                         ; reg4              ; work         ;
;          |register:inst1|         ; 0 (0)               ; 1 (1)                     ; 0           ; 0            ; 0       ; 0         ; 0    ; 0            ; |lab12step3|regfile:inst3|reg4:my_reg6|register:inst1          ; register          ; work         ;
;          |register:inst2|         ; 0 (0)               ; 1 (1)                     ; 0           ; 0            ; 0       ; 0         ; 0    ; 0            ; |lab12step3|regfile:inst3|reg4:my_reg6|register:inst2          ; register          ; work         ;
;          |register:inst3|         ; 0 (0)               ; 1 (1)                     ; 0           ; 0            ; 0       ; 0         ; 0    ; 0            ; |lab12step3|regfile:inst3|reg4:my_reg6|register:inst3          ; register          ; work         ;
;          |register:inst|          ; 0 (0)               ; 1 (1)                     ; 0           ; 0            ; 0       ; 0         ; 0    ; 0            ; |lab12step3|regfile:inst3|reg4:my_reg6|register:inst           ; register          ; work         ;
;       |reg4:my_reg7|              ; 0 (0)               ; 4 (0)                     ; 0           ; 0            ; 0       ; 0         ; 0    ; 0            ; |lab12step3|regfile:inst3|reg4:my_reg7                         ; reg4              ; work         ;
;          |register:inst1|         ; 0 (0)               ; 1 (1)                     ; 0           ; 0            ; 0       ; 0         ; 0    ; 0            ; |lab12step3|regfile:inst3|reg4:my_reg7|register:inst1          ; register          ; work         ;
;          |register:inst2|         ; 0 (0)               ; 1 (1)                     ; 0           ; 0            ; 0       ; 0         ; 0    ; 0            ; |lab12step3|regfile:inst3|reg4:my_reg7|register:inst2          ; register          ; work         ;
;          |register:inst3|         ; 0 (0)               ; 1 (1)                     ; 0           ; 0            ; 0       ; 0         ; 0    ; 0            ; |lab12step3|regfile:inst3|reg4:my_reg7|register:inst3          ; register          ; work         ;
;          |register:inst|          ; 0 (0)               ; 1 (1)                     ; 0           ; 0            ; 0       ; 0         ; 0    ; 0            ; |lab12step3|regfile:inst3|reg4:my_reg7|register:inst           ; register          ; work         ;
;    |seven_seg_decoder:inst1|      ; 7 (7)               ; 0 (0)                     ; 0           ; 0            ; 0       ; 0         ; 0    ; 0            ; |lab12step3|seven_seg_decoder:inst1                            ; seven_seg_decoder ; work         ;
;    |seven_seg_decoder:inst|       ; 7 (7)               ; 0 (0)                     ; 0           ; 0            ; 0       ; 0         ; 0    ; 0            ; |lab12step3|seven_seg_decoder:inst                             ; seven_seg_decoder ; work         ;
+-----------------------------------+---------------------+---------------------------+-------------+--------------+---------+-----------+------+--------------+----------------------------------------------------------------+-------------------+--------------+
Note: For table entries with two numbers listed, the numbers in parentheses indicate the number of resources of the given type used by the specific entity alone. The numbers listed outside of parentheses indicate the total resources of the given type used by the specific entity and all of its sub-entities in the hierarchy.


+------------------------------------------------------+
; General Register Statistics                          ;
+----------------------------------------------+-------+
; Statistic                                    ; Value ;
+----------------------------------------------+-------+
; Total registers                              ; 32    ;
; Number of registers using Synchronous Clear  ; 0     ;
; Number of registers using Synchronous Load   ; 0     ;
; Number of registers using Asynchronous Clear ; 32    ;
; Number of registers using Asynchronous Load  ; 0     ;
; Number of registers using Clock Enable       ; 32    ;
; Number of registers using Preset             ; 0     ;
+----------------------------------------------+-------+


+--------------------------------------------------------------------------------------------------------------------------------------------------------------+
; Multiplexer Restructuring Statistics (Restructuring Performed)                                                                                               ;
+--------------------+-----------+---------------+----------------------+------------------------+------------+------------------------------------------------+
; Multiplexer Inputs ; Bus Width ; Baseline Area ; Area if Restructured ; Saving if Restructured ; Registered ; Example Multiplexer Output                     ;
+--------------------+-----------+---------------+----------------------+------------------------+------------+------------------------------------------------+
; 8:1                ; 4 bits    ; 20 LEs        ; 20 LEs               ; 0 LEs                  ; No         ; |lab12step3|regfile:inst3|Mux8_4b:my_muxQ|f[1] ;
; 8:1                ; 4 bits    ; 20 LEs        ; 20 LEs               ; 0 LEs                  ; No         ; |lab12step3|regfile:inst3|Mux8_4b:my_muxP|f[1] ;
+--------------------+-----------+---------------+----------------------+------------------------+------------+------------------------------------------------+


+-----------------------------------------------------------+
; Parameter Settings for User Entity Instance: BUSMUX:inst4 ;
+----------------+-------+----------------------------------+
; Parameter Name ; Value ; Type                             ;
+----------------+-------+----------------------------------+
; WIDTH          ; 4     ; Untyped                          ;
+----------------+-------+----------------------------------+
Note: In order to hide this table in the UI and the text report file, please set the "Show Parameter Settings in Synthesis Report" option in "Analysis and Synthesis Settings -> More Settings" to "Off".


+-----------------------------------------------------+
; Post-Synthesis Netlist Statistics for Top Partition ;
+-----------------------+-----------------------------+
; Type                  ; Count                       ;
+-----------------------+-----------------------------+
; boundary_port         ; 37                          ;
; cycloneiii_ff         ; 32                          ;
;     ENA CLR           ; 32                          ;
; cycloneiii_lcell_comb ; 78                          ;
;     normal            ; 78                          ;
;         1 data inputs ; 2                           ;
;         3 data inputs ; 12                          ;
;         4 data inputs ; 64                          ;
;                       ;                             ;
; Max LUT depth         ; 7.00                        ;
; Average LUT depth     ; 4.81                        ;
+-----------------------+-----------------------------+


+-------------------------------+
; Elapsed Time Per Partition    ;
+----------------+--------------+
; Partition Name ; Elapsed Time ;
+----------------+--------------+
; Top            ; 00:00:00     ;
+----------------+--------------+


+-------------------------------+
; Analysis & Synthesis Messages ;
+-------------------------------+
Info: *******************************************************************
Info: Running Quartus Prime Analysis & Synthesis
    Info: Version 18.1.0 Build 625 09/12/2018 SJ Standard Edition
    Info: Processing started: Thu Dec 05 17:30:36 2019
Info: Command: quartus_map --read_settings_files=on --write_settings_files=off lab12step3 -c lab12step3
Warning (18236): Number of processors has not been specified which may cause overloading on shared machines.  Set the global assignment NUM_PARALLEL_PROCESSORS in your QSF to an appropriate value for best performance.
Info (20030): Parallel compilation is enabled and will use 4 of the 4 processors detected
Info (12021): Found 1 design units, including 1 entities, in source file lab12step3.bdf
    Info (12023): Found entity 1: lab12step3
Info (12127): Elaborating entity "lab12step3" for the top level hierarchy
Warning (12125): Using design file lab07step0.bdf, which is not specified as a design file for the current project, but contains definitions for 1 design units and 1 entities in project
    Info (12023): Found entity 1: lab07step0
Info (12128): Elaborating entity "lab07step0" for hierarchy "lab07step0:inst2"
Warning (275011): Block or symbol "XOR" of instance "inst2" overlaps another block or symbol
Warning (12125): Using design file adder_4bit.bdf, which is not specified as a design file for the current project, but contains definitions for 1 design units and 1 entities in project
    Info (12023): Found entity 1: adder_4bit
Info (12128): Elaborating entity "adder_4bit" for hierarchy "lab07step0:inst2|adder_4bit:inst"
Warning (12125): Using design file fa.v, which is not specified as a design file for the current project, but contains definitions for 1 design units and 1 entities in project
    Info (12023): Found entity 1: FA File: U:/cpre/281/lab12/lab12step3/fa.v Line: 1
Info (12128): Elaborating entity "FA" for hierarchy "lab07step0:inst2|adder_4bit:inst|FA:inst2"
Warning (12125): Using design file regfile.v, which is not specified as a design file for the current project, but contains definitions for 1 design units and 1 entities in project
    Info (12023): Found entity 1: regfile File: U:/cpre/281/lab12/lab12step3/regfile.v Line: 1
Info (12128): Elaborating entity "regfile" for hierarchy "regfile:inst3"
Warning (12125): Using design file decoder3to8.v, which is not specified as a design file for the current project, but contains definitions for 1 design units and 1 entities in project
    Info (12023): Found entity 1: Decoder3to8 File: U:/cpre/281/lab12/lab12step3/decoder3to8.v Line: 1
Info (12128): Elaborating entity "Decoder3to8" for hierarchy "regfile:inst3|Decoder3to8:my_decoder" File: U:/cpre/281/lab12/lab12step3/regfile.v Line: 12
Warning (10235): Verilog HDL Always Construct warning at decoder3to8.v(7): variable "en" is read inside the Always Construct but isn't in the Always Construct's Event Control File: U:/cpre/281/lab12/lab12step3/decoder3to8.v Line: 7
Warning (12125): Using design file reg4.bdf, which is not specified as a design file for the current project, but contains definitions for 1 design units and 1 entities in project
    Info (12023): Found entity 1: reg4
Info (12128): Elaborating entity "reg4" for hierarchy "regfile:inst3|reg4:my_reg0" File: U:/cpre/281/lab12/lab12step3/regfile.v Line: 14
Warning (12125): Using design file register.bdf, which is not specified as a design file for the current project, but contains definitions for 1 design units and 1 entities in project
    Info (12023): Found entity 1: register
Info (12128): Elaborating entity "register" for hierarchy "regfile:inst3|reg4:my_reg0|register:inst"
Warning (12125): Using design file 2to1mux.bdf, which is not specified as a design file for the current project, but contains definitions for 1 design units and 1 entities in project
    Info (12023): Found entity 1: 2to1mux
Info (12128): Elaborating entity "2to1mux" for hierarchy "regfile:inst3|reg4:my_reg0|register:inst|2to1mux:inst"
Warning (12125): Using design file mux8_4b.v, which is not specified as a design file for the current project, but contains definitions for 1 design units and 1 entities in project
    Info (12023): Found entity 1: Mux8_4b File: U:/cpre/281/lab12/lab12step3/mux8_4b.v Line: 1
Info (12128): Elaborating entity "Mux8_4b" for hierarchy "regfile:inst3|Mux8_4b:my_muxP" File: U:/cpre/281/lab12/lab12step3/regfile.v Line: 23
Info (12128): Elaborating entity "BUSMUX" for hierarchy "BUSMUX:inst4"
Info (12130): Elaborated megafunction instantiation "BUSMUX:inst4"
Info (12133): Instantiated megafunction "BUSMUX:inst4" with the following parameter:
    Info (12134): Parameter "WIDTH" = "4"
Info (12128): Elaborating entity "lpm_mux" for hierarchy "BUSMUX:inst4|lpm_mux:$00000" File: c:/intelfpga/18.1/quartus/libraries/megafunctions/busmux.tdf Line: 43
Info (12131): Elaborated megafunction instantiation "BUSMUX:inst4|lpm_mux:$00000", which is child of megafunction instantiation "BUSMUX:inst4" File: c:/intelfpga/18.1/quartus/libraries/megafunctions/busmux.tdf Line: 43
Info (12021): Found 1 design units, including 1 entities, in source file db/mux_arc.tdf
    Info (12023): Found entity 1: mux_arc File: U:/cpre/281/lab12/lab12step3/db/mux_arc.tdf Line: 22
Info (12128): Elaborating entity "mux_arc" for hierarchy "BUSMUX:inst4|lpm_mux:$00000|mux_arc:auto_generated" File: c:/intelfpga/18.1/quartus/libraries/megafunctions/lpm_mux.tdf Line: 86
Warning (12125): Using design file seven_seg_decoder.v, which is not specified as a design file for the current project, but contains definitions for 1 design units and 1 entities in project
    Info (12023): Found entity 1: seven_seg_decoder File: U:/cpre/281/lab12/lab12step3/seven_seg_decoder.v Line: 1
Info (12128): Elaborating entity "seven_seg_decoder" for hierarchy "seven_seg_decoder:inst"
Info (286030): Timing-Driven Synthesis is running
Info (16010): Generating hard_block partition "hard_block:auto_generated_inst"
    Info (16011): Adding 0 node(s), including 0 DDIO, 0 PLL, 0 transceiver and 0 LCELL
Info (21057): Implemented 145 device resources after synthesis - the final resource count might be different
    Info (21058): Implemented 18 input pins
    Info (21059): Implemented 19 output pins
    Info (21061): Implemented 108 logic cells
Info: Quartus Prime Analysis & Synthesis was successful. 0 errors, 13 warnings
    Info: Peak virtual memory: 4792 megabytes
    Info: Processing ended: Thu Dec 05 17:30:49 2019
    Info: Elapsed time: 00:00:13
    Info: Total CPU time (on all processors): 00:00:20


